<?xml version="1.0" encoding="UTF-8"?>
<testsuite xmlns:xsi="http://www.w3.org/2001/XMLSchema-instance" xsi:noNamespaceSchemaLocation="https://maven.apache.org/surefire/maven-surefire-plugin/xsd/surefire-test-report.xsd" version="3.0.2" name="com.agriconnect.notification.NotificationConsumerTest" time="2.697" tests="1" errors="0" skipped="0" failures="0" flakes="0">
  <properties>
[...]
</properties>
  <testcase name="duplicateEventCreatesOneNotification" classname="com.agriconnect.notification.NotificationConsumerTest" time="2.616"/>
</testsuite>